<?xml version="1.0" encoding="UTF-8"?>
<testsuite name="com.cg.workshop.HotelReservationTest" tests="4" skipped="0" failures="0" errors="0" timestamp="2020-11-17T14:33:52" hostname="DESKTOP-9T3G1G1" time="0.007">
  <properties/>
  <testcase name="givenHotelList_WhenCheapestByWeekendAndWeekdayRatesFound_ShouldReturntrue" classname="com.cg.workshop.HotelReservationTest" time="0.005"/>
  <testcase name="givenHotelList_ShouldReturnCheapestHotelInGivenDateRange" classname="com.cg.workshop.HotelReservationTest" time="0.001"/>
  <testcase name="givenDetails_WhenHotelObjectCreated_ShouldReturnTrue" classname="com.cg.workshop.HotelReservationTest" time="0.0"/>
  <testcase name="givenWeekendWeekdayRates_WhenHotelCreated_ShouldNotBeNull" classname="com.cg.workshop.HotelReservationTest" time="0.0"/>
  <system-out><![CDATA[]]></system-out>
  <system-err><![CDATA[]]></system-err>
</testsuite>
