<?xml version="1.0" encoding="UTF-8"?>
<testsuite name="com.cg.workshop.HotelReservationTest" tests="2" skipped="0" failures="0" errors="0" timestamp="2020-11-17T14:06:40" hostname="DESKTOP-9T3G1G1" time="0.004">
  <properties/>
  <testcase name="givenDetails_WhenHotelObjectCreated_ShouldReturnTrue" classname="com.cg.workshop.HotelReservationTest" time="0.003"/>
  <testcase name="givenHotelList_ShouldReturnCheapestHotel" classname="com.cg.workshop.HotelReservationTest" time="0.0"/>
  <system-out><![CDATA[]]></system-out>
  <system-err><![CDATA[]]></system-err>
</testsuite>
